<?xml version="1.0" encoding="UTF-8"?>
<!-- Generated by org.testng.reporters.JUnitReportReporter -->
<testsuite hostname="DESKTOP-ILDQG2H" failures="0" tests="4" name="collectiondemo.hashmapdemo.TestCases" time="0.016" errors="0" timestamp="2025-01-12T10:00:33 IST" skipped="0">
  <testcase classname="collectiondemo.hashmapdemo.TestCases" name="verifyMixtureIsdeliverableForpincode" time="0.002"/>
  <testcase classname="collectiondemo.hashmapdemo.TestCases" name="verifyMixtureIsdeliverableForpincode" time="0.000"/>
  <testcase classname="collectiondemo.hashmapdemo.TestCases" name="verifyMixtureIsdeliverableForpincode" time="0.013"/>
  <testcase classname="collectiondemo.hashmapdemo.TestCases" name="verifyMixtureIsdeliverableForpincode" time="0.001"/>
</testsuite> <!-- collectiondemo.hashmapdemo.TestCases -->
